{"/Users/student/Desktop/gitprojects/reviews/review1/spec/schoolReportsSpec.js":{"path":"/Users/student/Desktop/gitprojects/reviews/review1/spec/schoolReportsSpec.js","s":{"1":1,"2":1,"3":1,"4":1,"5":1,"6":0},"b":{},"f":{"1":1,"2":1},"fnMap":{"1":{"name":"(anonymous_1)","line":4,"loc":{"start":{"line":4,"column":26},"end":{"line":4,"column":37}}},"2":{"name":"(anonymous_2)","line":5,"loc":{"start":{"line":5,"column":42},"end":{"line":5,"column":53}}}},"statementMap":{"1":{"start":{"line":1,"column":0},"end":{"line":1,"column":54}},"2":{"start":{"line":2,"column":0},"end":{"line":2,"column":33}},"3":{"start":{"line":4,"column":0},"end":{"line":10,"column":3}},"4":{"start":{"line":5,"column":2},"end":{"line":9,"column":5}},"5":{"start":{"line":6,"column":4},"end":{"line":6,"column":34}},"6":{"start":{"line":7,"column":4},"end":{"line":7,"column":51}}},"branchMap":{}},"/Users/student/Desktop/gitprojects/reviews/review1/src/schoolReports.js":{"path":"/Users/student/Desktop/gitprojects/reviews/review1/src/schoolReports.js","s":{},"b":{},"f":{},"fnMap":{},"statementMap":{},"branchMap":{}}}